2023-12-26 18:00:01 [INFO ] [Browser] - [startBrowser] Selected Browser is: chrome
2023-12-26 18:00:07 [INFO ] [Browser] - [takeScreenshot] Exception has Occured while taking screenshot
2023-12-26 18:00:07 [INFO ] [Base] - [closeBrowser] Scenario Completed: Verify whether the user is able to register into application
2023-12-26 18:00:07 [INFO ] [Base] - [closeBrowser] Scenario Status is: failed
2023-12-26 18:28:38 [INFO ] [Browser] - [startBrowser] Selected Browser is: chrome
2023-12-26 18:28:43 [INFO ] [Browser] - [takeScreenshot] Exception has Occured while taking screenshot
2023-12-26 18:28:43 [INFO ] [Base] - [closeBrowser] Scenario Completed: Verify whether the user is able to register into application
2023-12-26 18:28:43 [INFO ] [Base] - [closeBrowser] Scenario Status is: failed
2023-12-26 18:29:29 [INFO ] [Browser] - [startBrowser] Selected Browser is: chrome
2023-12-26 18:29:34 [INFO ] [Browser] - [takeScreenshot] Exception has Occured while taking screenshot
2023-12-26 18:29:34 [INFO ] [Base] - [closeBrowser] Scenario Completed: Verify whether the user is able to register into application
2023-12-26 18:29:34 [INFO ] [Base] - [closeBrowser] Scenario Status is: failed
2023-12-26 18:31:13 [INFO ] [Browser] - [startBrowser] Selected Browser is: chrome
2023-12-26 18:31:19 [INFO ] [Browser] - [takeScreenshot] Exception has Occured while taking screenshot
2023-12-26 18:31:19 [INFO ] [Base] - [closeBrowser] Scenario Completed: Verify whether the user is able to register into application
2023-12-26 18:31:19 [INFO ] [Base] - [closeBrowser] Scenario Status is: failed
2024-01-11 19:52:05 [INFO ] [Hooks] - [setUp] Scenario Started: Verify whether the user is able to register into application
2024-01-11 19:52:05 [INFO ] [Browser] - [startBrowser] Selected Browser is: chrome
2024-01-11 19:52:13 [INFO ] [Browser] - [takeScreenshot] Exception has Occured while taking screenshot
2024-01-11 19:56:53 [INFO ] [Hooks] - [setUp] Scenario Started: Verify whether the user is able to register into application
2024-01-11 19:56:53 [INFO ] [Browser] - [startBrowser] Selected Browser is: chrome
2024-01-11 19:57:00 [INFO ] [Browser] - [startBrowser] Chrome Browser is Started1353838640
2024-01-11 19:57:04 [INFO ] [Hooks] - [closeBrowser] Scenario Completed: Verify whether the user is able to register into application
2024-01-11 19:57:04 [INFO ] [Hooks] - [closeBrowser] Scenario Status is: passed
2024-01-11 19:58:25 [INFO ] [Hooks] - [setUp] Scenario Started: Verify whether the user is able to register into application
2024-01-11 19:58:25 [INFO ] [Browser] - [startBrowser] Selected Browser is: chrome
2024-01-11 19:58:29 [INFO ] [Browser] - [startBrowser] Chrome Browser is Started1991724700
2024-01-11 19:58:31 [INFO ] [Hooks] - [closeBrowser] Scenario Completed: Verify whether the user is able to register into application
2024-01-11 19:58:31 [INFO ] [Hooks] - [closeBrowser] Scenario Status is: passed
2024-01-13 06:38:29 [INFO ] [Hooks] - [setUp] Scenario Started: Verify whether the user is able to register into application
2024-01-13 06:38:29 [INFO ] [Browser] - [startBrowser] Selected Browser is: chrome
2024-01-13 06:38:33 [INFO ] [Browser] - [startBrowser] Chrome Browser is Started1365197105
2024-01-13 06:38:35 [INFO ] [Hooks] - [closeBrowser] Scenario Completed: Verify whether the user is able to register into application
2024-01-13 06:38:35 [INFO ] [Hooks] - [closeBrowser] Scenario Status is: passed
2024-01-13 12:43:26 [INFO ] [Hooks] - [setUp] Scenario Started: Verify whether the user is able to register into application
2024-01-13 12:43:26 [INFO ] [Browser] - [startBrowser] Selected Browser is: chrome
2024-01-13 12:43:31 [INFO ] [Browser] - [startBrowser] Chrome Browser is Started1627781283
2024-01-13 12:43:33 [INFO ] [Hooks] - [closeBrowser] Scenario Completed: Verify whether the user is able to register into application
2024-01-13 12:43:33 [INFO ] [Hooks] - [closeBrowser] Scenario Status is: failed
2024-01-13 12:52:35 [INFO ] [Hooks] - [setUp] Scenario Started: Verify whether the user is able to register into application
2024-01-13 12:52:35 [INFO ] [Browser] - [startBrowser] Selected Browser is: chrome
2024-01-13 12:52:38 [INFO ] [Browser] - [startBrowser] Chrome Browser is Started201392112
2024-01-13 12:52:41 [INFO ] [Hooks] - [closeBrowser] Scenario Completed: Verify whether the user is able to register into application
2024-01-13 12:52:41 [INFO ] [Hooks] - [closeBrowser] Scenario Status is: passed
2024-01-13 14:55:38 [INFO ] [Hooks] - [setUp] Scenario Started: Verify whether the user is able to register into application
2024-01-13 14:55:38 [INFO ] [Browser] - [startBrowser] Selected Browser is: chrome
2024-01-13 14:55:41 [INFO ] [Browser] - [startBrowser] Chrome Browser is Started1460696714
2024-01-13 14:55:44 [INFO ] [Hooks] - [closeBrowser] Scenario Completed: Verify whether the user is able to register into application
2024-01-13 14:55:44 [INFO ] [Hooks] - [closeBrowser] Scenario Status is: failed
2024-01-13 14:57:28 [INFO ] [Hooks] - [setUp] Scenario Started: Verify whether the user is able to register into application
2024-01-13 14:57:28 [INFO ] [Browser] - [startBrowser] Selected Browser is: chrome
2024-01-13 14:57:30 [INFO ] [Browser] - [startBrowser] Chrome Browser is Started1366722422
2024-01-13 14:57:34 [INFO ] [Hooks] - [closeBrowser] Scenario Completed: Verify whether the user is able to register into application
2024-01-13 14:57:34 [INFO ] [Hooks] - [closeBrowser] Scenario Status is: passed
2024-01-13 15:01:01 [INFO ] [Hooks] - [setUp] Scenario Started: Verify whether the user is able to register into application
2024-01-13 15:01:01 [INFO ] [Browser] - [startBrowser] Selected Browser is: chrome
2024-01-13 15:01:04 [INFO ] [Browser] - [startBrowser] Chrome Browser is Started1510087865
2024-01-13 15:01:08 [INFO ] [Hooks] - [closeBrowser] Scenario Completed: Verify whether the user is able to register into application
2024-01-13 15:01:08 [INFO ] [Hooks] - [closeBrowser] Scenario Status is: failed
2024-01-13 15:01:55 [INFO ] [Hooks] - [setUp] Scenario Started: Verify whether the user is able to register into application
2024-01-13 15:01:55 [INFO ] [Browser] - [startBrowser] Selected Browser is: chrome
2024-01-13 15:01:57 [INFO ] [Browser] - [startBrowser] Chrome Browser is Started1510087865
2024-01-13 15:02:01 [INFO ] [Hooks] - [closeBrowser] Scenario Completed: Verify whether the user is able to register into application
2024-01-13 15:02:01 [INFO ] [Hooks] - [closeBrowser] Scenario Status is: passed
2024-01-13 15:37:15 [INFO ] [Hooks] - [setUp] Scenario Started: Verify whether the user is able to register into application
2024-01-13 15:37:15 [INFO ] [Browser] - [startBrowser] Selected Browser is: chrome
2024-01-13 15:37:18 [INFO ] [Browser] - [startBrowser] Chrome Browser is Started1366722422
2024-01-13 15:37:22 [INFO ] [Hooks] - [closeBrowser] Scenario Completed: Verify whether the user is able to register into application
2024-01-13 15:37:22 [INFO ] [Hooks] - [closeBrowser] Scenario Status is: passed
2024-01-13 15:37:56 [INFO ] [Hooks] - [setUp] Scenario Started: Verify whether the user not allowed to register on skipping mandatory fields
2024-01-13 15:37:56 [INFO ] [Browser] - [startBrowser] Selected Browser is: chrome
2024-01-13 15:37:59 [INFO ] [Browser] - [startBrowser] Chrome Browser is Started1510087865
2024-01-13 15:38:02 [INFO ] [Hooks] - [closeBrowser] Scenario Completed: Verify whether the user not allowed to register on skipping mandatory fields
2024-01-13 15:38:02 [INFO ] [Hooks] - [closeBrowser] Scenario Status is: undefined
2024-01-16 18:08:25 [INFO ] [Hooks] - [setUp] Scenario Started: Verify whether the user not allowed to register on skipping mandatory fields
2024-01-16 18:08:25 [INFO ] [Browser] - [startBrowser] Selected Browser is: chrome
2024-01-16 18:08:29 [INFO ] [Browser] - [startBrowser] Chrome Browser is Started1298557761
2024-01-16 18:08:33 [INFO ] [Hooks] - [closeBrowser] Scenario Completed: Verify whether the user not allowed to register on skipping mandatory fields
2024-01-16 18:08:33 [INFO ] [Hooks] - [closeBrowser] Scenario Status is: passed
2024-01-16 18:55:10 [INFO ] [Hooks] - [setUp] Scenario Started: Verify whether the user is able to register with out selecting privacy and policy
2024-01-16 18:55:10 [INFO ] [Browser] - [startBrowser] Selected Browser is: chrome
2024-01-16 18:55:13 [INFO ] [Browser] - [startBrowser] Chrome Browser is Started1366722422
2024-01-16 18:55:17 [INFO ] [Hooks] - [closeBrowser] Scenario Completed: Verify whether the user is able to register with out selecting privacy and policy
2024-01-16 18:55:17 [INFO ] [Hooks] - [closeBrowser] Scenario Status is: undefined
2024-01-16 19:08:54 [INFO ] [Hooks] - [setUp] Scenario Started: Verify whether the user is able to register with out selecting privacy and policy
2024-01-16 19:08:54 [INFO ] [Browser] - [startBrowser] Selected Browser is: chrome
2024-01-16 19:08:58 [INFO ] [Browser] - [startBrowser] Chrome Browser is Started429804587
2024-01-16 19:09:03 [INFO ] [Hooks] - [closeBrowser] Scenario Completed: Verify whether the user is able to register with out selecting privacy and policy
2024-01-16 19:09:03 [INFO ] [Hooks] - [closeBrowser] Scenario Status is: passed
